2026-03-10T23:14:33.843296 Project directory: /opt/pilar
2026-03-10T23:14:33.843643 Pulling project images
2026-03-10T23:14:33.844816 ------------------------------
2026-03-10T23:14:34.008162  backend Skipped No image to be pulled
2026-03-10T23:14:34.008251  Image phpmyadmin:latest Pulling 
2026-03-10T23:14:34.009163  Image mysql:8.4 Pulling 
2026-03-10T23:14:35.260888  Image mysql:8.4 Pulled 
2026-03-10T23:14:35.267115  Image phpmyadmin:latest Pulled 
2026-03-10T23:14:35.397876 ------------------------------
2026-03-10T23:14:35.398007 Deploying project
2026-03-10T23:14:35.399813 ------------------------------
2026-03-10T23:14:35.597628  Container pilar-mysql Recreate 
2026-03-10T23:14:37.263932  Container pilar-mysql Recreated 
2026-03-10T23:14:37.264289  Container pilar-backend Recreate 
2026-03-10T23:14:37.264747  Container pilar-phpmyadmin Recreate 
2026-03-10T23:14:37.497487  Container pilar-backend Recreated 
2026-03-10T23:14:38.589367  Container pilar-phpmyadmin Recreated 
2026-03-10T23:14:38.616640  Container pilar-mysql Starting 
2026-03-10T23:14:38.834872  Container pilar-mysql Started 
2026-03-10T23:14:38.835160  Container pilar-backend Starting 
2026-03-10T23:14:38.835170  Container pilar-phpmyadmin Starting 
2026-03-10T23:14:39.576473  Container pilar-backend Started 
2026-03-10T23:14:39.676966  Container pilar-phpmyadmin Started 
2026-03-10T23:14:39.693464 ------------------------------
2026-03-10T23:14:39.693524 Project deployed successfully
